Ok.
Ok.
Ok.
Ok.
Ok.
Ok.
Ok.
Ok.
Ok.
Ok.
Ok.
SAT:
=====
#Sol := [cons: [move: A, C], [cons: [move: A, B], [cons: [move: C, B], [cons: [move: A, C], [cons: [move: B, A], [cons: [move: B, C], [cons: [move: A, C], nil]]]]]]]
Ready.
SAT:
=====
#Sol := [cons: [move: A, B], [cons: [move: A, C], [cons: [move: B, C], [cons: [move: A, B], [cons: [move: C, A], [cons: [move: C, B], [cons: [move: A, B], [cons: [move: A, C], [cons: [move: B, C], [cons: [move: B, A], [cons: [move: C, A], [cons: [move: B, C], [cons: [move: A, B], [cons: [move: A, C], [cons: [move: B, C], [cons: [move: A, B], [cons: [move: C, A], [cons: [move: C, B], [cons: [move: A, B], [cons: [move: C, A], [cons: [move: B, C], [cons: [move: B, A], [cons: [move: C, A], [cons: [move: C, B], [cons: [move: A, B], [cons: [move: A, C], [cons: [move: B, C], [cons: [move: A, B], [cons: [move: C, A], [cons: [move: C, B], [cons: [move: A, B], [cons: [move: A, C], [cons: [move: B, C], [cons: [move: B, A], [cons: [move: C, A], [cons: [move: B, C], [cons: [move: A, B], [cons: [move: A, C], [cons: [move: B, C], [cons: [move: B, A], [cons: [move: C, A], [cons: [move: C, B], [cons: [move: A, B], [cons: [move: C, A], [cons: [move: B, C], [cons: [move: B, A], [cons: [move: C, A], [cons: [move: B, C], [cons: [move: A, B], [cons: [move: A, C], [cons: [move: B, C], [cons: [move: A, B], [cons: [move: C, A], [cons: [move: C, B], [cons: [move: A, B], [cons: [move: A, C], [cons: [move: B, C], [cons: [move: B, A], [cons: [move: C, A], [cons: [move: B, C], [cons: [move: A, B], [cons: [move: A, C], [cons: [move: B, C], [cons: [move: A, B], [cons: [move: C, A], [cons: [move: C, B], [cons: [move: A, B], [cons: [move: C, A], [cons: [move: B, C], [cons: [move: B, A], [cons: [move: C, A], [cons: [move: C, B], [cons: [move: A, B], [cons: [move: A, C], [cons: [move: B, C], [cons: [move: A, B], [cons: [move: C, A], [cons: [move: C, B], [cons: [move: A, B], [cons: [move: C, A], [cons: [move: B, C], [cons: [move: B, A], [cons: [move: C, A], [cons: [move: B, C], [cons: [move: A, B], [cons: [move: A, C], [cons: [move: B, C], [cons: [move: B, A], [cons: [move: C, A], [cons: [move: C, B], [cons: [move: A, B], [cons: [move: C, A], [cons: [move: B, C], [cons: [move: B, A], [cons: [move: C, A], [cons: [move: C, B], [cons: [move: A, B], [cons: [move: A, C], [cons: [move: B, C], [cons: [move: A, B], [cons: [move: C, A], [cons: [move: C, B], [cons: [move: A, B], [cons: [move: A, C], [cons: [move: B, C], [cons: [move: B, A], [cons: [move: C, A], [cons: [move: B, C], [cons: [move: A, B], [cons: [move: A, C], [cons: [move: B, C], [cons: [move: A, B], [cons: [move: C, A], [cons: [move: C, B], [cons: [move: A, B], [cons: [move: C, A], [cons: [move: B, C], [cons: [move: B, A], [cons: [move: C, A], [cons: [move: C, B], [cons: [move: A, B], [cons: [move: A, C], [cons: [move: B, C], [cons: [move: A, B], [cons: [move: C, A], [cons: [move: C, B], [cons: [move: A, B], [cons: [move: A, C], [cons: [move: B, C], [cons: [move: B, A], [cons: [move: C, A], [cons: [move: B, C], [cons: [move: A, B], [cons: [move: A, C], [cons: [move: B, C], [cons: [move: B, A], [cons: [move: C, A], [cons: [move: C, B], [cons: [move: A, B], [cons: [move: C, A], [cons: [move: B, C], [cons: [move: B, A], [cons: [move: C, A], [cons: [move: B, C], [cons: [move: A, B], [cons: [move: A, C], [cons: [move: B, C], [cons: [move: A, B], [cons: [move: C, A], [cons: [move: C, B], [cons: [move: A, B], [cons: [move: A, C], [cons: [move: B, C], [cons: [move: B, A], [cons: [move: C, A], [cons: [move: B, C], [cons: [move: A, B], [cons: [move: A, C], [cons: [move: B, C], [cons: [move: B, A], [cons: [move: C, A], [cons: [move: C, B], [cons: [move: A, B], [cons: [move: C, A], [cons: [move: B, C], [cons: [move: B, A], [cons: [move: C, A], [cons: [move: C, B], [cons: [move: A, B], [cons: [move: A, C], [cons: [move: B, C], [cons: [move: A, B], [cons: [move: C, A], [cons: [move: C, B], [cons: [move: A, B], [cons: [move: C, A], [cons: [move: B, C], [cons: [move: B, A], [cons: [move: C, A], [cons: [move: B, C], [cons: [move: A, B], [cons: [move: A, C], [cons: [move: B, C], [cons: [move: B, A], [cons: [move: C, A], [cons: [move: C, B], [cons: [move: A, B], [cons: [move: C, A], [cons: [move: B, C], [cons: [move: B, A], [cons: [move: C, A], [cons: [move: B, C], [cons: [move: A, B], [cons: [move: A, C], [cons: [move: B, C], [cons: [move: A, B], [cons: [move: C, A], [cons: [move: C, B], [cons: [move: A, B], [cons: [move: A, C], [cons: [move: B, C], [cons: [move: B, A], [cons: [move: C, A], [cons: [move: B, C], [cons: [move: A, B], [cons: [move: A, C], [cons: [move: B, C], [cons: [move: A, B], [cons: [move: C, A], [cons: [move: C, B], [cons: [move: A, B], [cons: [move: C, A], [cons: [move: B, C], [cons: [move: B, A], [cons: [move: C, A], [cons: [move: C, B], [cons: [move: A, B], [cons: [move: A, C], [cons: [move: B, C], [cons: [move: A, B], [cons: [move: C, A], [cons: [move: C, B], [cons: [move: A, B], [cons: [move: A, C], [cons: [move: B, C], [cons: [move: B, A], [cons: [move: C, A], [cons: [move: B, C], [cons: [move: A, B], [cons: [move: A, C], [cons: [move: B, C], [cons: [move: B, A], [cons: [move: C, A], [cons: [move: C, B], [cons: [move: A, B], [cons: [move: C, A], [cons: [move: B, C], [cons: [move: B, A], [cons: [move: C, A], [cons: [move: B, C], [cons: [move: A, B], [cons: [move: A, C], [cons: [move: B, C], [cons: [move: A, B], [cons: [move: C, A], [cons: [move: C, B], [cons: [move: A, B], [cons: [move: A, C], [cons: [move: B, C], [cons: [move: B, A], [cons: [move: C, A], [cons: [move: B, C], [cons: [move: A, B], [cons: [move: A, C], [cons: [move: B, C], nil]]]]]]]]]]]]]]]]]]]]]]]]]]]]]]]]]]]]]]]]]]]]]]]]]]]]]]]]]]]]]]]]]]]]]]]]]]]]]]]]]]]]]]]]]]]]]]]]]]]]]]]]]]]]]]]]]]]]]]]]]]]]]]]]]]]]]]]]]]]]]]]]]]]]]]]]]]]]]]]]]]]]]]]]]]]]]]]]]]]]]]]]]]]]]]]]]]]]]]]]]]]]]]]]]]]]]]]]]]]]]]]]]]]]]]]]]]]]]]]]]]]]]]]]]]]]]]]
Ready.
Bye.
